#
# A fatal error has been detected by the Java Runtime Environment:
#
#  EXCEPTION_ACCESS_VIOLATION (0xc0000005) at pc=0x87866587, pid=5292, tid=4296
#
# JRE version: 6.0_18-b07
# Java VM: Java HotSpot(TM) Client VM (16.0-b13 mixed mode windows-x86 )
# Problematic frame:
# C  0x87866587
#
# If you would like to submit a bug report, please visit:
#   http://java.sun.com/webapps/bugreport/crash.jsp
# The crash happened outside the Java Virtual Machine in native code.
# See problematic frame for where to report the bug.
#

---------------  T H R E A D  ---------------

Current thread (0x24811c00):  JavaThread "FdbThread" [_thread_in_native, id=4296, stack(0x285b0000,0x286b0000)]

siginfo: ExceptionCode=0xc0000005, reading address 0x87866587

Registers:
EAX=0x3218ffff, EBX=0x00000001, ECX=0x050e70e0, EDX=0x87866587
ESP=0x286af38c, EBP=0x016f7947, ESI=0x286af3c8, EDI=0x286af40c
EIP=0x87866587, EFLAGS=0x00010257

Top of Stack: (sp=0x286af38c)
0x286af38c:   321512ee 00000001 321512bb 10b4a388
0x286af39c:   286af3c8 32155881 286af40c 0000001c
0x286af3ac:   3214dc31 286af40c 2651d639 033b71c0
0x286af3bc:   016f7944 286af528 00000000 050e70e0
0x286af3cc:   00000000 00000014 016f7947 00000001
0x286af3dc:   10b4a388 286af45c 3218b2bc 00000000
0x286af3ec:   016f7947 00000014 00000000 286af420
0x286af3fc:   3217d659 00000006 3214c5b0 286af438 

Instructions: (pc=0x87866587)
0x87866577:   
[error occurred during error reporting (printing registers, top of stack, instructions near pc), id 0xc0000005]

Stack: [0x285b0000,0x286b0000],  sp=0x286af38c,  free space=3fc286ae7ack
Native frames: (J=compiled Java code, j=interpreted, Vv=VM code, C=native code)
C  0x87866587

Java frames: (J=compiled Java code, j=interpreted, Vv=VM code)
j  com.adobe.authoring.debug.AuthDebugMgr.nativeNotify([BI)V+0
j  com.adobe.authoring.debug.AuthDebugMgr.notify(Ljava/lang/String;I)V+10
j  com.adobe.authoring.debug.AuthDebugMgr.notifySwfLoaded(Lflash/tools/debugger/events/SwfLoadedEvent;)V+100
J  com.adobe.authoring.debug.model.AuthDebugTarget$FdbThread.processEvents()V
J  com.adobe.authoring.debug.model.AuthDebugTarget$FdbThread.runInner()V
J  com.adobe.authoring.debug.model.AuthDebugTarget$FdbThread.eventLoop()V
j  com.adobe.authoring.debug.model.AuthDebugTarget$FdbThread.run()V+1
j  java.lang.Thread.run()V+11
v  ~StubRoutines::call_stub

---------------  P R O C E S S  ---------------

Java Threads: ( => current thread )
=>0x24811c00 JavaThread "FdbThread" [_thread_in_native, id=4296, stack(0x285b0000,0x286b0000)]
  0x24812c00 JavaThread "SWF/SWD reader" daemon [_thread_blocked, id=3408, stack(0x28090000,0x28190000)]
  0x24813800 JavaThread "DJAPI message listener" daemon [_thread_in_native, id=2396, stack(0x27db0000,0x27eb0000)]
  0x24813400 JavaThread "DJAPI StreamListener" daemon [_thread_in_native, id=2808, stack(0x272b0000,0x273b0000)]
  0x24812000 JavaThread "DJAPI StreamListener" daemon [_thread_in_native, id=5268, stack(0x26db0000,0x26eb0000)]
  0x210ac800 JavaThread "Thread-2" [_thread_blocked, id=332, stack(0x24480000,0x24580000)]
  0x2105b400 JavaThread "Code Model Worker" daemon [_thread_blocked, id=1576, stack(0x217d0000,0x218d0000)]
  0x210b0400 JavaThread "Code Model Worker" daemon [_thread_blocked, id=1500, stack(0x21690000,0x21790000)]
  0x20ee6800 JavaThread "FelixPackageAdmin" daemon [_thread_blocked, id=5432, stack(0x21550000,0x21650000)]
  0x20e8ec00 JavaThread "FelixStartLevel" daemon [_thread_blocked, id=5840, stack(0x21410000,0x21510000)]
  0x21051c00 JavaThread "FelixDispatchQueue" [_thread_blocked, id=2620, stack(0x212d0000,0x213d0000)]
  0x0bc2d400 JavaThread "Low Memory Detector" daemon [_thread_blocked, id=4072, stack(0x20950000,0x20a50000)]
  0x0bc26000 JavaThread "CompilerThread0" daemon [_thread_blocked, id=276, stack(0x20810000,0x20910000)]
  0x0bc24800 JavaThread "Attach Listener" daemon [_thread_blocked, id=4264, stack(0x206d0000,0x207d0000)]
  0x0bc21800 JavaThread "Signal Dispatcher" daemon [_thread_blocked, id=5104, stack(0x20590000,0x20690000)]
  0x0bbf2400 JavaThread "Finalizer" daemon [_thread_blocked, id=3940, stack(0x20450000,0x20550000)]
  0x0bbf0c00 JavaThread "Reference Handler" daemon [_thread_blocked, id=2456, stack(0x20310000,0x20410000)]
  0x0bb5e800 JavaThread "main" [_thread_in_native, id=2848, stack(0x00090000,0x00190000)]

Other Threads:
  0x0bbee000 VMThread [stack: 0x201d0000,0x202d0000] [id=1020]
  0x0bc2e800 WatcherThread [stack: 0x20a90000,0x20b90000] [id=6124]

VM state:not at safepoint (normal execution)

VM Mutex/Monitor currently owned by a thread: None

Heap
 def new generation   total 12800K, used 1155K [0x141d0000, 0x14fb0000, 0x16c70000)
  eden space 11392K,  10% used [0x141d0000, 0x142f0d00, 0x14cf0000)
  from space 1408K,   0% used [0x14cf0000, 0x14cf0000, 0x14e50000)
  to   space 1408K,   0% used [0x14e50000, 0x14e50000, 0x14fb0000)
 tenured generation   total 28344K, used 11221K [0x16c70000, 0x1881e000, 0x1c1d0000)
   the space 28344K,  39% used [0x16c70000, 0x17765458, 0x17765600, 0x1881e000)
 compacting perm gen  total 17664K, used 17435K [0x1c1d0000, 0x1d310000, 0x201d0000)
   the space 17664K,  98% used [0x1c1d0000, 0x1d2d6d00, 0x1d2d6e00, 0x1d310000)
No shared spaces configured.

Dynamic libraries:
0x00400000 - 0x01d97000 	D:\PROGRA~1\Adobe\ADOBEF~1\Flash.exe
0x77b00000 - 0x77c80000 	C:\Windows\SysWOW64\ntdll.dll
0x762f0000 - 0x763f0000 	C:\Windows\syswow64\kernel32.dll
0x772b0000 - 0x772f6000 	C:\Windows\syswow64\KERNELBASE.dll
0x74bf0000 - 0x74cd6000 	D:\PROGRA~1\Adobe\ADOBEF~1\amtlib.dll
0x75920000 - 0x75a20000 	C:\Windows\syswow64\USER32.dll
0x75890000 - 0x75920000 	C:\Windows\syswow64\GDI32.dll
0x77ad0000 - 0x77ada000 	C:\Windows\syswow64\LPK.dll
0x773d0000 - 0x7746d000 	C:\Windows\syswow64\USP10.dll
0x77320000 - 0x773cc000 	C:\Windows\syswow64\msvcrt.dll
0x757f0000 - 0x75890000 	C:\Windows\syswow64\ADVAPI32.dll
0x77260000 - 0x77279000 	C:\Windows\SysWOW64\sechost.dll
0x763f0000 - 0x764e0000 	C:\Windows\syswow64\RPCRT4.dll
0x75670000 - 0x756d0000 	C:\Windows\syswow64\SspiCli.dll
0x75660000 - 0x7566c000 	C:\Windows\syswow64\CRYPTBASE.dll
0x76580000 - 0x771c9000 	C:\Windows\syswow64\SHELL32.dll
0x75790000 - 0x757e7000 	C:\Windows\syswow64\SHLWAPI.dll
0x75c10000 - 0x75c8b000 	C:\Windows\syswow64\COMDLG32.dll
0x75180000 - 0x7531e000 	C:\Windows\WinSxS\x86_microsoft.windows.common-controls_6595b64144ccf1df_6.0.7600.16661_none_420fe3fa2b8113bd\COMCTL32.dll
0x738e0000 - 0x738e9000 	C:\Windows\system32\VERSION.dll
0x73980000 - 0x739b2000 	C:\Windows\system32\WINMM.dll
0x74bd0000 - 0x74be9000 	C:\Windows\system32\AVIFIL32.dll
0x75ab0000 - 0x75c0c000 	C:\Windows\syswow64\ole32.dll
0x74f80000 - 0x74f94000 	C:\Windows\system32\MSACM32.dll
0x74ba0000 - 0x74bc1000 	C:\Windows\system32\MSVFW32.dll
0x762d0000 - 0x762d5000 	C:\Windows\syswow64\PSAPI.DLL
0x75a20000 - 0x75a80000 	C:\Windows\syswow64\IMM32.dll
0x76100000 - 0x761cc000 	C:\Windows\syswow64\MSCTF.dll
0x77470000 - 0x774a5000 	C:\Windows\syswow64\WS2_32.dll
0x762e0000 - 0x762e6000 	C:\Windows\syswow64\NSI.dll
0x10000000 - 0x10028000 	D:\PROGRA~1\Adobe\ADOBEF~1\PFF.dll
0x72ec0000 - 0x72f63000 	C:\Windows\WinSxS\x86_microsoft.vc90.crt_1fc8b3b9a1e18e3b_9.0.30729.5570_none_509463cabcb6ef2a\MSVCR90.dll
0x12000000 - 0x121cb000 	D:\PROGRA~1\Adobe\ADOBEF~1\xerces-c_2_6.dll
0x73490000 - 0x7352b000 	C:\Windows\WinSxS\x86_microsoft.vc80.crt_1fc8b3b9a1e18e3b_8.0.50727.5592_none_d09196c24426e2d4\MSVCR80.dll
0x00240000 - 0x0024e000 	D:\PROGRA~1\Adobe\ADOBEF~1\boost_threads.dll
0x00260000 - 0x0026f000 	D:\PROGRA~1\Adobe\ADOBEF~1\boost_date_time.dll
0x72f70000 - 0x72ffe000 	C:\Windows\WinSxS\x86_microsoft.vc90.crt_1fc8b3b9a1e18e3b_9.0.30729.5570_none_509463cabcb6ef2a\MSVCP90.dll
0x00280000 - 0x00287000 	D:\PROGRA~1\Adobe\ADOBEF~1\boost_system.dll
0x32100000 - 0x321ca000 	D:\PROGRA~1\Adobe\ADOBEF~1\Workspace.dll
0x74fa0000 - 0x75130000 	C:\Windows\WinSxS\x86_microsoft.windows.gdiplus_6595b64144ccf1df_1.1.7600.16385_none_72fc7cbf861225ca\gdiplus.dll
0x01da0000 - 0x01f00000 	D:\PROGRA~1\Adobe\ADOBEF~1\dvacore.dll
0x771d0000 - 0x7725f000 	C:\Windows\syswow64\OLEAUT32.dll
0x02010000 - 0x02362000 	D:\PROGRA~1\Adobe\ADOBEF~1\dvaui.dll
0x74a40000 - 0x74b94000 	D:\PROGRA~1\Adobe\ADOBEF~1\AdobeOwl.dll
0x6cee0000 - 0x6d281000 	C:\Windows\WinSxS\x86_microsoft.vc90.mfc_1fc8b3b9a1e18e3b_9.0.30729.5570_none_4bf8f87ebf99de1f\mfc90u.dll
0x749f0000 - 0x749f5000 	C:\Windows\system32\MSIMG32.dll
0x02370000 - 0x02408000 	D:\PROGRA~1\Adobe\ADOBEF~1\FlashIK.dll
0x02410000 - 0x0270a000 	D:\PROGRA~1\Adobe\ADOBEF~1\dvaadameve.dll
0x00300000 - 0x00312000 	D:\PROGRA~1\Adobe\ADOBEF~1\boost_signals.dll
0x003b0000 - 0x003c4000 	D:\PROGRA~1\Adobe\ADOBEF~1\boost_filesystem.dll
0x02710000 - 0x02798000 	D:\PROGRA~1\Adobe\ADOBEF~1\boost_regex.dll
0x027a0000 - 0x027b7000 	D:\PROGRA~1\Adobe\ADOBEF~1\AlcidDLL.dll
0x027c0000 - 0x02ed3000 	D:\PROGRA~1\Adobe\ADOBEF~1\aflame.dll
0x02ee0000 - 0x030da000 	D:\PROGRA~1\Adobe\ADOBEF~1\aflamingo.dll
0x030f0000 - 0x03291000 	D:\PROGRA~1\Adobe\ADOBEF~1\AdobeLinguistic.dll
0x74a20000 - 0x74a3e000 	D:\PROGRA~1\Adobe\ADOBEF~1\ahclient.dll
0x761d0000 - 0x762c5000 	C:\Windows\syswow64\WININET.dll
0x75c90000 - 0x75dc6000 	C:\Windows\syswow64\urlmon.dll
0x75dd0000 - 0x75eec000 	C:\Windows\syswow64\CRYPT32.dll
0x760f0000 - 0x760fc000 	C:\Windows\syswow64\MSASN1.dll
0x75ef0000 - 0x760ea000 	C:\Windows\syswow64\iertutil.dll
0x032c0000 - 0x03316000 	D:\PROGRA~1\Adobe\ADOBEF~1\LogSession.dll
0x77560000 - 0x776fd000 	C:\Windows\syswow64\SETUPAPI.dll
0x77280000 - 0x772a7000 	C:\Windows\syswow64\CFGMGR32.dll
0x77300000 - 0x77312000 	C:\Windows\syswow64\DEVOBJ.dll
0x74a10000 - 0x74a19000 	D:\PROGRA~1\Adobe\ADOBEF~1\adbeape.dll
0x73900000 - 0x73980000 	C:\Windows\system32\UxTheme.dll
0x72490000 - 0x724a3000 	C:\Windows\system32\dwmapi.dll
0x74290000 - 0x743a4000 	D:\PROGRA~1\Adobe\ADOBEF~1\amtservices.dll
0x73010000 - 0x7302c000 	C:\Windows\system32\IPHLPAPI.DLL
0x73000000 - 0x73007000 	C:\Windows\system32\WINNSI.DLL
0x72e60000 - 0x72eb8000 	C:\Windows\system32\WINHTTP.dll
0x72e10000 - 0x72e5f000 	C:\Windows\system32\webio.dll
0x748e0000 - 0x7494a000 	D:\PROGRA~1\Adobe\ADOBEF~1\adobe_caps.dll
0x756d0000 - 0x75753000 	C:\Windows\syswow64\CLBCatQ.DLL
0x72ae0000 - 0x72bd5000 	C:\Windows\system32\propsys.dll
0x73540000 - 0x73561000 	C:\Windows\system32\ntmarta.dll
0x77510000 - 0x77555000 	C:\Windows\syswow64\WLDAP32.dll
0x06040000 - 0x06060000 	D:\PROGRA~1\Adobe\ADOBEF~1\asneu.dll
0x06920000 - 0x07e5b000 	D:\PROGRA~1\Adobe\ADOBEF~1\en_US\Configuration\FlashResources.dll
0x739d0000 - 0x73a21000 	C:\Windows\system32\WINSPOOL.DRV
0x74ce0000 - 0x74d1c000 	C:\Windows\system32\OLEACC.dll
0x71b70000 - 0x71be2000 	C:\Windows\system32\DSOUND.dll
0x715a0000 - 0x715c5000 	C:\Windows\system32\POWRPROF.dll
0x75560000 - 0x7556b000 	C:\Windows\system32\profapi.dll
0x724b0000 - 0x7259b000 	C:\Windows\system32\dbghelp.dll
0x648c0000 - 0x648ee000 	C:\Windows\system32\mlang.dll
0x6d780000 - 0x6d87b000 	C:\Windows\system32\WindowsCodecs.dll
0x72450000 - 0x72489000 	C:\Windows\system32\MMDevAPI.DLL
0x62fe0000 - 0x63010000 	C:\Windows\system32\wdmaud.drv
0x64510000 - 0x64514000 	C:\Windows\system32\ksuser.dll
0x63010000 - 0x63017000 	C:\Windows\system32\AVRT.dll
0x72410000 - 0x72446000 	C:\Windows\system32\AUDIOSES.DLL
0x62fd0000 - 0x62fd8000 	C:\Windows\system32\msacm32.drv
0x62fc0000 - 0x62fc7000 	C:\Windows\system32\midimap.dll
0x748c0000 - 0x748db000 	C:\Program Files (x86)\Common Files\Adobe\APE\3.1\adbeapecore.dll
0x732b0000 - 0x732fb000 	C:\Windows\system32\apphelp.dll
0x669a0000 - 0x66a0f000 	C:\Windows\system32\ntshrui.dll
0x73be0000 - 0x73bf9000 	C:\Windows\system32\srvcli.dll
0x72de0000 - 0x72deb000 	C:\Windows\system32\cscapi.dll
0x6d3d0000 - 0x6d3da000 	C:\Windows\system32\slc.dll
0x738b0000 - 0x738c6000 	C:\Windows\system32\CRYPTSP.dll
0x73870000 - 0x738ab000 	C:\Windows\system32\rsaenh.dll
0x73860000 - 0x7386e000 	C:\Windows\system32\RpcRtRemote.dll
0x747b0000 - 0x747f9000 	D:\PROGRA~1\Adobe\ADOBEF~1\BIB.dll
0x74640000 - 0x74680000 	D:\PROGRA~1\Adobe\ADOBEF~1\BIBUtils.dll
0x74190000 - 0x7428b000 	D:\PROGRA~1\Adobe\ADOBEF~1\ACE.dll
0x64f10000 - 0x654a7000 	D:\PROGRA~1\Adobe\ADOBEF~1\AGM.dll
0x745f0000 - 0x74640000 	D:\PROGRA~1\Adobe\ADOBEF~1\ARE.dll
0x69f50000 - 0x6a3f2000 	D:\PROGRA~1\Adobe\ADOBEF~1\MPS.dll
0x65750000 - 0x65a47000 	D:\PROGRA~1\Adobe\ADOBEF~1\CoolType.dll
0x740f0000 - 0x74184000 	D:\PROGRA~1\Adobe\ADOBEF~1\FileInfo.dll
0x740a0000 - 0x740ec000 	D:\PROGRA~1\Adobe\ADOBEF~1\AdobeXMP.dll
0x719e0000 - 0x71adf000 	D:\PROGRA~1\Adobe\ADOBEF~1\PDFPort.dll
0x612a0000 - 0x61899000 	D:\PROGRA~1\Adobe\ADOBEF~1\AdobePDFL.dll
0x71930000 - 0x719d8000 	D:\PROGRA~1\Adobe\ADOBEF~1\JP2KLib.dll
0x70d40000 - 0x70d52000 	C:\Windows\system32\MPR.dll
0x74890000 - 0x748be000 	D:\PROGRA~1\Adobe\ADOBEF~1\AXE8SharedExpat.dll
0x723b0000 - 0x7240c000 	C:\Windows\system32\wbemcomn.dll
0x72310000 - 0x723a6000 	C:\Windows\system32\wbem\fastprox.dll
0x73c50000 - 0x73c68000 	C:\Windows\system32\NTDSAPI.dll
0x6e520000 - 0x6e532000 	C:\Windows\system32\dhcpcsvc.DLL
0x64500000 - 0x6450d000 	C:\Windows\system32\dhcpcsvc6.DLL
0x75320000 - 0x75328000 	C:\Windows\system32\credssp.dll
0x712b0000 - 0x71343000 	D:\PROGRA~1\Adobe\ADOBEF~1\updaternotifications.dll
0x73c10000 - 0x73c21000 	C:\Windows\system32\NETAPI32.dll
0x73c00000 - 0x73c09000 	C:\Windows\system32\netutils.dll
0x73bd0000 - 0x73bdf000 	C:\Windows\system32\wkscli.dll

VM Arguments:
jvm_args: -Djava.library.path=C:\ProgramData\Adobe\CS5\jre\bin -Djava.Home=C:\ProgramData\Adobe\CS5\jre -Xbootclasspath/a:; -Djava.awt.headless=true -Xmx128m 
java_command: <unknown>
Launcher Type: generic

Environment Variables:
JAVA_HOME=C:\ProgramData\Adobe\CS5\jre
PATH=C:\ProgramData\Adobe\CS5\jre\bin;C:\Perl64\site\bin;C:\Perl64\bin;C:\Program Files (x86)\NVIDIA Corporation\PhysX\Common;C:\Python27\;C:\Python27\Scripts;C:\Program Files\Common Files\Microsoft Shared\Windows Live;C:\Program Files (x86)\Common Files\Microsoft Shared\Windows Live;C:\watcom-1.3\binnt;C:\watcom-1.3\binw;C:\Windows\system32;C:\Windows;C:\Windows\System32\Wbem;C:\Windows\System32\WindowsPowerShell\v1.0\;C:\Program Files (x86)\Common Files\Roxio Shared\DLLShared\;C:\Program Files (x86)\Microsoft SQL Server\100\Tools\Binn\;C:\Program Files (x86)\Microsoft SQL Server\100\DTS\Binn\;C:\Program Files (x86)\Windows Live\Shared;C:\Program Files\TortoiseSVN\bin;C:\Users\spood\AppData\Roaming\Python\Scripts
USERNAME=spood
OS=Windows_NT
PROCESSOR_IDENTIFIER=Intel64 Family 6 Model 23 Stepping 10, GenuineIntel



---------------  S Y S T E M  ---------------

OS: Windows 7 Build 7600 

CPU:total 2 (2 cores per cpu, 1 threads per core) family 6 model 23 stepping 10, cmov, cx8, fxsr, mmx, sse, sse2, sse3, ssse3, sse4.1

Memory: 4k page, physical 4193308k(2052468k free), swap 8384720k(5774568k free)

vm_info: Java HotSpot(TM) Client VM (16.0-b13) for windows-x86 JRE (1.6.0_18-b07), built on Dec 17 2009 13:35:55 by "java_re" with MS VC++ 7.1 (VS2003)

time: Sat May 07 05:17:25 2011
elapsed time: 13628 seconds

